2020-05-11 19:18:56,449 - instabot version: 0.117.0 (bot) - INFO - Instabot version: 0.117.0 Started
2020-05-11 19:18:56,449 - instabot version: 0.117.0 (bot) - DEBUG - Bot imported from C:\Users\felip\AppData\Local\Programs\Python\Python38\lib\site-packages\instabot\bot\bot.py
2020-05-11 19:18:56,449 - instabot version: 0.117.0 (api_login) - INFO - Not yet logged in starting: PRE-LOGIN FLOW!
2020-05-11 19:18:57,190 - instabot version: 0.117.0 (api) - DEBUG - POST to endpoint: accounts/get_prefill_candidates/ returned response: <Response [200]>
2020-05-11 19:18:57,776 - instabot version: 0.117.0 (api) - DEBUG - POST to endpoint: qe/sync/ returned response: <Response [200]>
2020-05-11 19:18:58,543 - instabot version: 0.117.0 (api) - DEBUG - POST to endpoint: launcher/sync/ returned response: <Response [200]>
2020-05-11 19:18:59,142 - instabot version: 0.117.0 (api) - DEBUG - POST to endpoint: accounts/contact_point_prefill/ returned response: <Response [200]>
2020-05-11 19:19:00,696 - instabot version: 0.117.0 (api) - DEBUG - POST to endpoint: accounts/login/ returned response: <Response [200]>
2020-05-11 19:19:00,697 - instabot version: 0.117.0 (api) - INFO - Logged-in successfully as 'botcovidinstagram@gmail.com'!
2020-05-11 19:19:00,697 - instabot version: 0.117.0 (api_login) - INFO - LOGIN FLOW! Just logged-in: True
2020-05-11 19:19:01,197 - instabot version: 0.117.0 (api) - DEBUG - POST to endpoint: qe/sync/ returned response: <Response [200]>
2020-05-11 19:19:01,634 - instabot version: 0.117.0 (api) - DEBUG - POST to endpoint: launcher/sync/ returned response: <Response [200]>
2020-05-11 19:19:02,133 - instabot version: 0.117.0 (api) - DEBUG - GET to endpoint: zr/token/result/?device_id=android-49d944f82611115c&token_hash=&custom_device_id=android-49d944f82611115c&fetch_reason=token_expired returned response: <Response [200]>
2020-05-11 19:19:02,721 - instabot version: 0.117.0 (api) - DEBUG - GET to endpoint: multiple_accounts/get_account_family/ returned response: <Response [200]>
2020-05-11 19:19:03,267 - instabot version: 0.117.0 (api) - DEBUG - POST to endpoint: qe/sync/ returned response: <Response [200]>
2020-05-11 19:19:03,671 - instabot version: 0.117.0 (api) - DEBUG - GET to endpoint: igtv/browse_feed/?prefetch=1 returned response: <Response [200]>
2020-05-11 19:19:04,027 - instabot version: 0.117.0 (api) - DEBUG - POST to endpoint: creatives/ar_class/ returned response: <Response [200]>
2020-05-11 19:19:05,005 - instabot version: 0.117.0 (api) - DEBUG - POST to endpoint: feed/reels_tray/ returned response: <Response [200]>
2020-05-11 19:19:06,041 - instabot version: 0.117.0 (api) - DEBUG - POST to endpoint: feed/timeline/ returned response: <Response [200]>
2020-05-11 19:19:06,498 - instabot version: 0.117.0 (api) - DEBUG - GET to endpoint: media/blocked/ returned response: <Response [200]>
2020-05-11 19:19:07,165 - instabot version: 0.117.0 (api) - DEBUG - GET to endpoint: news/inbox/ returned response: <Response [200]>
2020-05-11 19:19:07,821 - instabot version: 0.117.0 (api) - DEBUG - GET to endpoint: loom/fetch_config/ returned response: <Response [200]>
2020-05-11 19:19:08,386 - instabot version: 0.117.0 (api) - DEBUG - GET to endpoint: scores/bootstrap/users/?surfaces=["autocomplete_user_list","coefficient_besties_list_ranking","coefficient_rank_recipient_user_suggestion","coefficient_ios_section_test_bootstrap_ranking","coefficient_direct_recipients_ranking_variant_2"] returned response: <Response [200]>
2020-05-11 19:19:08,999 - instabot version: 0.117.0 (api) - DEBUG - GET to endpoint: business/eligibility/get_monetization_products_eligibility_data/?product_types=branded_content returned response: <Response [200]>
2020-05-11 19:19:09,577 - instabot version: 0.117.0 (api) - DEBUG - GET to endpoint: business/branded_content/should_require_professional_account/ returned response: <Response [200]>
2020-05-11 19:19:10,098 - instabot version: 0.117.0 (api) - DEBUG - GET to endpoint: linked_accounts/get_linkage_status/ returned response: <Response [200]>
2020-05-11 19:19:10,694 - instabot version: 0.117.0 (api) - DEBUG - GET to endpoint: locations/request_country/ returned response: <Response [200]>
2020-05-11 19:19:11,230 - instabot version: 0.117.0 (api) - DEBUG - GET to endpoint: qp/get_cooldowns/?signed_body=signed_body=4b9c516a5410a3bc128e09c6104a7f042146b9c2023870560c63a43a7f66781c.4&ig_sig_key_version=4&ig_sig_key_version=4 returned response: <Response [200]>
2020-05-11 19:19:11,751 - instabot version: 0.117.0 (api) - DEBUG - GET to endpoint: users/arlink_download_info/?version_override=2.2.1 returned response: <Response [200]>
2020-05-11 19:19:12,356 - instabot version: 0.117.0 (api) - DEBUG - GET to endpoint: users/34899512845/info/ returned response: <Response [200]>
2020-05-11 19:19:12,935 - instabot version: 0.117.0 (api) - DEBUG - GET to endpoint: direct_v2/get_presence/ returned response: <Response [200]>
2020-05-11 19:19:13,673 - instabot version: 0.117.0 (api) - DEBUG - GET to endpoint: direct_v2/inbox/?visual_message_return_type=unseen&thread_message_limit=10&persistentBadging=true&limit=20 returned response: <Response [200]>
2020-05-11 19:19:14,039 - instabot version: 0.117.0 (api) - DEBUG - GET to endpoint: direct_v2/inbox/?visual_message_return_type=unseen&persistentBadging=true&limit=0 returned response: <Response [200]>
2020-05-11 19:19:14,622 - instabot version: 0.117.0 (api) - DEBUG - GET to endpoint: discover/topical_explore/?is_prefetch=true&omit_cover_media=true&use_sectional_payload=true&timezone_offset=0&session_id=bc390a04-e87f-4fe3-a8e3-c1065702803a&include_fixed_destinations=true returned response: <Response [200]>
2020-05-11 19:19:15,475 - instabot version: 0.117.0 (api) - DEBUG - POST to endpoint: notifications/badge/ returned response: <Response [200]>
2020-05-11 19:19:16,355 - instabot version: 0.117.0 (api) - DEBUG - POST to endpoint: qp/batch_fetch/ returned response: <Response [200]>
2020-05-11 19:19:16,355 - instabot version: 0.117.0 (bot_checkpoint) - DEBUG - Loading Checkpoint file from: D:\Dev\Projetos\Covid\COVIDInstagramBot/config/botcovidinstagram@gmail.com.checkpoint
2020-05-11 19:19:38,033 - instabot version: 0.117.0 (api) - DEBUG - POST to endpoint: media/configure/? returned response: <Response [200]>
2020-05-11 19:19:38,805 - instabot version: 0.117.0 (api) - DEBUG - POST to endpoint: qe/expose/ returned response: <Response [200]>
2020-05-11 19:19:38,806 - instabot version: 0.117.0 (bot_photo) - INFO - Photo 'D:\Dev\Projetos\Covid\COVIDInstagramBot\img\covid.jpg' is uploaded.
2020-05-11 19:19:38,806 - instabot version: 0.117.0 (bot_checkpoint) - DEBUG - Saving Checkpoint file to: D:\Dev\Projetos\Covid\COVIDInstagramBot/config/botcovidinstagram@gmail.com.checkpoint
2020-05-11 19:19:38,807 - instabot version: 0.117.0 (bot) - INFO - Total requests: 33
